<?xml version="1.0" encoding="UTF-8"?>
<!-- Generated by org.testng.reporters.JUnitReportReporter -->
<testsuite hostname="DELL-PC" failures="0" tests="1" name="swaglab_TestScripts.Additems_test" time="9.651" errors="0" timestamp="2023-01-10T17:47:34 IST" skipped="0">
  <testcase classname="swaglab_TestScripts.Additems_test" name="printElements" time="9.651"/>
  <system-out/>
</testsuite> <!-- swaglab_TestScripts.Additems_test -->
